Files loaded 236 ms
Starting test with i 1(100)
epoch is 0 done. 2678 ms. Error rate is: 20.555%
epoch is 1 done. 2372 ms. Error rate is: 18.451668%
epoch is 2 done. 2089 ms. Error rate is: 17.623333%
epoch is 3 done. 2087 ms. Error rate is: 17.031666%
epoch is 4 done. 2164 ms. Error rate is: 16.421667%
epoch is 5 done. 2450 ms. Error rate is: 15.889999%
epoch is 6 done. 2159 ms. Error rate is: 15.584999%
test done. 327 ms. Error rate is: 15.860001%
test is done. 327 ms. Error rate is: 15.860001%
Starting test with i 2(200)
epoch is 0 done. 2770 ms. Error rate is: 15.33%
epoch is 1 done. 2488 ms. Error rate is: 12.716667%
epoch is 2 done. 2454 ms. Error rate is: 12.036667%
epoch is 3 done. 2504 ms. Error rate is: 11.406667%
epoch is 4 done. 2558 ms. Error rate is: 10.925%
epoch is 5 done. 2373 ms. Error rate is: 10.605%
epoch is 6 done. 2444 ms. Error rate is: 10.225%
test done. 391 ms. Error rate is: 9.36%
test is done. 381 ms. Error rate is: 9.36%
Starting test with i 3(300)
epoch is 0 done. 2735 ms. Error rate is: 13.551667%
epoch is 1 done. 2576 ms. Error rate is: 10.596666%
epoch is 2 done. 2457 ms. Error rate is: 9.785%
epoch is 3 done. 2492 ms. Error rate is: 9.143333%
epoch is 4 done. 2589 ms. Error rate is: 8.751667%
epoch is 5 done. 2528 ms. Error rate is: 8.363334%
epoch is 6 done. 2690 ms. Error rate is: 8.04%
test done. 383 ms. Error rate is: 8.120001%
test is done. 450 ms. Error rate is: 8.120001%
Starting test with i 4(400)
epoch is 0 done. 2703 ms. Error rate is: 12.468333%
epoch is 1 done. 2826 ms. Error rate is: 9.028334%
epoch is 2 done. 2956 ms. Error rate is: 8.136666%
epoch is 3 done. 2724 ms. Error rate is: 7.631667%
epoch is 4 done. 2798 ms. Error rate is: 7.1966662%
epoch is 5 done. 2942 ms. Error rate is: 6.8433337%
epoch is 6 done. 2742 ms. Error rate is: 6.6466665%
test done. 434 ms. Error rate is: 6.72%
test is done. 406 ms. Error rate is: 6.72%
Starting test with i 5(500)
epoch is 0 done. 2956 ms. Error rate is: 12.07%
epoch is 1 done. 3236 ms. Error rate is: 8.3133335%
epoch is 2 done. 3171 ms. Error rate is: 7.36%
epoch is 3 done. 3065 ms. Error rate is: 6.725%
epoch is 4 done. 3028 ms. Error rate is: 6.1683335%
epoch is 5 done. 3083 ms. Error rate is: 5.8916664%
epoch is 6 done. 3138 ms. Error rate is: 5.635%
test done. 463 ms. Error rate is: 6.46%
test is done. 460 ms. Error rate is: 6.46%
Starting test with i 6(600)
epoch is 0 done. 3644 ms. Error rate is: 11.776667%
epoch is 1 done. 3545 ms. Error rate is: 7.738333%
epoch is 2 done. 3582 ms. Error rate is: 6.6600003%
epoch is 3 done. 3610 ms. Error rate is: 6.008333%
epoch is 4 done. 3664 ms. Error rate is: 5.376667%
epoch is 5 done. 3457 ms. Error rate is: 5.185%
epoch is 6 done. 3380 ms. Error rate is: 4.8250003%
test done. 518 ms. Error rate is: 6.56%
test is done. 536 ms. Error rate is: 6.56%
Starting test with i 7(700)
epoch is 0 done. 3999 ms. Error rate is: 11.505%
epoch is 1 done. 3838 ms. Error rate is: 7.283334%
epoch is 2 done. 4005 ms. Error rate is: 6.2883334%
epoch is 3 done. 4104 ms. Error rate is: 5.46%
epoch is 4 done. 4009 ms. Error rate is: 5.0483336%
epoch is 5 done. 3894 ms. Error rate is: 4.601667%
epoch is 6 done. 3933 ms. Error rate is: 4.355%
test done. 672 ms. Error rate is: 6.79%
test is done. 686 ms. Error rate is: 6.79%
Starting test with i 8(800)
epoch is 0 done. 4630 ms. Error rate is: 11.181666%
epoch is 1 done. 4169 ms. Error rate is: 7.0033336%
epoch is 2 done. 4278 ms. Error rate is: 5.855%
epoch is 3 done. 4515 ms. Error rate is: 5.2066665%
epoch is 4 done. 4400 ms. Error rate is: 4.636667%
epoch is 5 done. 4192 ms. Error rate is: 4.2266665%
epoch is 6 done. 4473 ms. Error rate is: 3.8066666%
test done. 730 ms. Error rate is: 6.02%
test is done. 559 ms. Error rate is: 6.02%
Starting test with i 9(900)
epoch is 0 done. 4399 ms. Error rate is: 11.093333%
epoch is 1 done. 4550 ms. Error rate is: 6.756666%
epoch is 2 done. 4802 ms. Error rate is: 5.5550003%
epoch is 3 done. 4888 ms. Error rate is: 4.846667%
epoch is 4 done. 4108 ms. Error rate is: 4.3883333%
epoch is 5 done. 4713 ms. Error rate is: 3.8899999%
epoch is 6 done. 5089 ms. Error rate is: 3.5783331%
test done. 909 ms. Error rate is: 5.56%
test is done. 853 ms. Error rate is: 5.56%
Starting test with i 1(1000)
epoch is 0 done. 5510 ms. Error rate is: 10.976667%
epoch is 1 done. 4316 ms. Error rate is: 6.5350003%
epoch is 2 done. 4946 ms. Error rate is: 5.23%
epoch is 3 done. 4800 ms. Error rate is: 4.541667%
epoch is 4 done. 4375 ms. Error rate is: 3.9133332%
epoch is 5 done. 5176 ms. Error rate is: 3.6083333%
epoch is 6 done. 5401 ms. Error rate is: 3.3033333%
test done. 902 ms. Error rate is: 5.59%
test is done. 933 ms. Error rate is: 5.59%
Starting test with i 2(2000)
epoch is 0 done. 9607 ms. Error rate is: 10.426666%
epoch is 1 done. 9242 ms. Error rate is: 5.5666666%
epoch is 2 done. 10458 ms. Error rate is: 4.186667%
epoch is 3 done. 9647 ms. Error rate is: 3.2933333%
epoch is 4 done. 8965 ms. Error rate is: 2.7233334%
epoch is 5 done. 9501 ms. Error rate is: 2.2316666%
epoch is 6 done. 8535 ms. Error rate is: 1.9333333%
test done. 1230 ms. Error rate is: 4.48%
test is done. 1198 ms. Error rate is: 4.48%
Starting test with i 3(3000)
epoch is 0 done. 13224 ms. Error rate is: 10.49%
epoch is 1 done. 14155 ms. Error rate is: 5.3399997%
epoch is 2 done. 13826 ms. Error rate is: 3.815%
epoch is 3 done. 14075 ms. Error rate is: 2.8816667%
epoch is 4 done. 12543 ms. Error rate is: 2.355%
epoch is 5 done. 13452 ms. Error rate is: 1.8066667%
epoch is 6 done. 14702 ms. Error rate is: 1.5866667%
test done. 1482 ms. Error rate is: 4.12%
test is done. 1537 ms. Error rate is: 4.12%
Starting test with i 4(4000)
epoch is 0 done. 16601 ms. Error rate is: 10.546666%
epoch is 1 done. 16902 ms. Error rate is: 5.2066665%
epoch is 2 done. 18628 ms. Error rate is: 3.6983333%
epoch is 3 done. 18320 ms. Error rate is: 2.7716665%
epoch is 4 done. 21465 ms. Error rate is: 2.22%
epoch is 5 done. 21237 ms. Error rate is: 1.7149999%
epoch is 6 done. 19898 ms. Error rate is: 1.3916667%
test done. 1934 ms. Error rate is: 4.77%
test is done. 1961 ms. Error rate is: 4.77%
Starting test with i 5(5000)
epoch is 0 done. 19654 ms. Error rate is: 10.581667%
epoch is 1 done. 19110 ms. Error rate is: 5.298333%
epoch is 2 done. 21347 ms. Error rate is: 3.6649997%
epoch is 3 done. 23582 ms. Error rate is: 2.645%
epoch is 4 done. 24051 ms. Error rate is: 2.1016667%
epoch is 5 done. 25023 ms. Error rate is: 1.565%
epoch is 6 done. 25500 ms. Error rate is: 1.285%
test done. 2273 ms. Error rate is: 5.06%
test is done. 2592 ms. Error rate is: 5.06%
Starting test with i 6(6000)
epoch is 0 done. 21338 ms. Error rate is: 10.691667%
epoch is 1 done. 21744 ms. Error rate is: 5.2316666%
epoch is 2 done. 23476 ms. Error rate is: 3.6899998%
epoch is 3 done. 24118 ms. Error rate is: 2.6233335%
epoch is 4 done. 24011 ms. Error rate is: 2.07%
epoch is 5 done. 26037 ms. Error rate is: 1.52%
epoch is 6 done. 26918 ms. Error rate is: 1.2433333%
test done. 3018 ms. Error rate is: 3.79%
test is done. 3077 ms. Error rate is: 3.79%
Starting test with i 7(7000)
epoch is 0 done. 24585 ms. Error rate is: 10.668334%
epoch is 1 done. 24519 ms. Error rate is: 5.241667%
epoch is 2 done. 25462 ms. Error rate is: 3.605%
epoch is 3 done. 26080 ms. Error rate is: 2.6799998%
epoch is 4 done. 26882 ms. Error rate is: 1.9483334%
epoch is 5 done. 27057 ms. Error rate is: 1.4733334%
epoch is 6 done. 27170 ms. Error rate is: 1.2116667%
test done. 3326 ms. Error rate is: 4.28%
test is done. 3245 ms. Error rate is: 4.28%
Starting test with i 8(8000)
epoch is 0 done. 27800 ms. Error rate is: 10.816667%
epoch is 1 done. 27576 ms. Error rate is: 5.3683333%
epoch is 2 done. 28827 ms. Error rate is: 3.6983333%
epoch is 3 done. 29606 ms. Error rate is: 2.645%
epoch is 4 done. 27984 ms. Error rate is: 2.0133333%
epoch is 5 done. 29896 ms. Error rate is: 1.49%
epoch is 6 done. 29403 ms. Error rate is: 1.2116667%
test done. 3539 ms. Error rate is: 3.9%
test is done. 3647 ms. Error rate is: 3.9%
Starting test with i 9(9000)
epoch is 0 done. 31161 ms. Error rate is: 10.905%
epoch is 1 done. 30589 ms. Error rate is: 5.376667%
epoch is 2 done. 30871 ms. Error rate is: 3.655%
epoch is 3 done. 30984 ms. Error rate is: 2.6583333%
epoch is 4 done. 32496 ms. Error rate is: 1.9916667%
epoch is 5 done. 33486 ms. Error rate is: 1.4716667%
epoch is 6 done. 33231 ms. Error rate is: 1.1383333%
test done. 4265 ms. Error rate is: 3.82%
test is done. 4234 ms. Error rate is: 3.82%
Starting test with i 10(10000)
epoch is 0 done. 35044 ms. Error rate is: 11.065001%
epoch is 1 done. 33656 ms. Error rate is: 5.3483334%
epoch is 2 done. 35930 ms. Error rate is: 3.795%
epoch is 3 done. 35514 ms. Error rate is: 2.6683335%
epoch is 4 done. 36467 ms. Error rate is: 1.9850001%
epoch is 5 done. 35520 ms. Error rate is: 1.42%
epoch is 6 done. 36018 ms. Error rate is: 1.17%
test done. 4700 ms. Error rate is: 3.66%
test is done. 4731 ms. Error rate is: 3.66%
Starting test with i 11(11000)
epoch is 0 done. 39692 ms. Error rate is: 11.176666%
epoch is 1 done. 38643 ms. Error rate is: 5.3416667%
epoch is 2 done. 39288 ms. Error rate is: 3.6633334%
epoch is 3 done. 38210 ms. Error rate is: 2.665%
epoch is 4 done. 39579 ms. Error rate is: 1.9816667%
epoch is 5 done. 39793 ms. Error rate is: 1.5366668%
epoch is 6 done. 40671 ms. Error rate is: 1.1333333%
test done. 5226 ms. Error rate is: 4.12%
test is done. 5301 ms. Error rate is: 4.12%
Starting test with i 12(12000)
epoch is 0 done. 43571 ms. Error rate is: 11.303333%
epoch is 1 done. 42547 ms. Error rate is: 5.44%
epoch is 2 done. 42784 ms. Error rate is: 3.7583332%
epoch is 3 done. 42866 ms. Error rate is: 2.565%
epoch is 4 done. 42882 ms. Error rate is: 1.9366667%
epoch is 5 done. 44685 ms. Error rate is: 1.4483334%
epoch is 6 done. 44123 ms. Error rate is: 1.1916666%
test done. 5740 ms. Error rate is: 3.83%
test is done. 5657 ms. Error rate is: 3.83%
Starting test with i 13(13000)
epoch is 0 done. 47141 ms. Error rate is: 11.338333%
epoch is 1 done. 52319 ms. Error rate is: 5.57%
epoch is 2 done. 52256 ms. Error rate is: 3.6216664%
epoch is 3 done. 51328 ms. Error rate is: 2.7516668%
epoch is 4 done. 54467 ms. Error rate is: 1.9816667%
epoch is 5 done. 59416 ms. Error rate is: 1.4366667%
epoch is 6 done. 64611 ms. Error rate is: 1.2066667%
test done. 8756 ms. Error rate is: 3.26%
test is done. 8446 ms. Error rate is: 3.26%
Starting test with i 14(14000)
epoch is 0 done. 66043 ms. Error rate is: 11.599999%
epoch is 1 done. 59301 ms. Error rate is: 5.56%
epoch is 2 done. 58519 ms. Error rate is: 3.795%
epoch is 3 done. 64895 ms. Error rate is: 2.6816666%
epoch is 4 done. 63597 ms. Error rate is: 1.9200001%
epoch is 5 done. 63474 ms. Error rate is: 1.4916667%
epoch is 6 done. 62920 ms. Error rate is: 1.2033333%
test done. 9172 ms. Error rate is: 4.22%
test is done. 8475 ms. Error rate is: 4.22%
Starting test with i 15(15000)
epoch is 0 done. 69294 ms. Error rate is: 11.631667%
epoch is 1 done. 65744 ms. Error rate is: 5.596667%
epoch is 2 done. 57981 ms. Error rate is: 3.8449998%
epoch is 3 done. 58844 ms. Error rate is: 2.7166667%
epoch is 4 done. 59024 ms. Error rate is: 2.0216665%
epoch is 5 done. 59625 ms. Error rate is: 1.5016667%
epoch is 6 done. 58479 ms. Error rate is: 1.1366667%
test done. 7163 ms. Error rate is: 4.03%
test is done. 7507 ms. Error rate is: 4.03%
Starting test with i 16(16000)
epoch is 0 done. 68444 ms. Error rate is: 11.861667%
epoch is 1 done. 69746 ms. Error rate is: 5.7983336%
epoch is 2 done. 64346 ms. Error rate is: 3.881667%
epoch is 3 done. 63459 ms. Error rate is: 2.8116665%
epoch is 4 done. 73703 ms. Error rate is: 1.935%
epoch is 5 done. 75942 ms. Error rate is: 1.4266667%
epoch is 6 done. 71847 ms. Error rate is: 1.1533333%
test done. 9884 ms. Error rate is: 3.88%
test is done. 9749 ms. Error rate is: 3.88%
Starting test with i 17(17000)
epoch is 0 done. 68992 ms. Error rate is: 12.030001%
epoch is 1 done. 65417 ms. Error rate is: 5.733333%
epoch is 2 done. 66324 ms. Error rate is: 3.8483334%
epoch is 3 done. 71302 ms. Error rate is: 2.7816665%
epoch is 4 done. 69597 ms. Error rate is: 2.0516667%
epoch is 5 done. 68272 ms. Error rate is: 1.475%
epoch is 6 done. 71613 ms. Error rate is: 1.2433333%
test done. 10752 ms. Error rate is: 4.4%
test is done. 10709 ms. Error rate is: 4.4%
Starting test with i 18(18000)
epoch is 0 done. 70153 ms. Error rate is: 12.138333%
epoch is 1 done. 71756 ms. Error rate is: 5.94%
epoch is 2 done. 73628 ms. Error rate is: 3.9316666%
epoch is 3 done. 74218 ms. Error rate is: 2.77%
epoch is 4 done. 74199 ms. Error rate is: 1.9383334%
epoch is 5 done. 71809 ms. Error rate is: 1.5216666%
epoch is 6 done. 69374 ms. Error rate is: 1.1583333%
test done. 10025 ms. Error rate is: 3.88%
test is done. 10624 ms. Error rate is: 3.88%
Starting test with i 19(19000)
epoch is 0 done. 65120 ms. Error rate is: 12.203334%
epoch is 1 done. 64588 ms. Error rate is: 5.9483333%
epoch is 2 done. 65855 ms. Error rate is: 3.9700003%
epoch is 3 done. 71746 ms. Error rate is: 2.8000002%
epoch is 4 done. 78163 ms. Error rate is: 2.0816667%
epoch is 5 done. 76850 ms. Error rate is: 1.535%
epoch is 6 done. 71706 ms. Error rate is: 1.1766666%
test done. 8664 ms. Error rate is: 5.42%
test is done. 9530 ms. Error rate is: 5.42%
