Starting test with i 1(100)
epoch is 0 done. 2323 ms. Error rate is: 17.711666%
epoch is 1 done. 2272 ms. Error rate is: 15.84%
epoch is 2 done. 2262 ms. Error rate is: 15.416667%
epoch is 3 done. 2292 ms. Error rate is: 14.9783325%
epoch is 4 done. 2284 ms. Error rate is: 14.843332%
epoch is 5 done. 2231 ms. Error rate is: 14.56%
epoch is 6 done. 2332 ms. Error rate is: 14.435%
test is done. 377 ms. Error rate is: 12.780001%
Starting test with i 2(200)
epoch is 0 done. 4503 ms. Error rate is: 13.5616665%
epoch is 1 done. 4465 ms. Error rate is: 11.338333%
epoch is 2 done. 4549 ms. Error rate is: 10.6866665%
epoch is 3 done. 4606 ms. Error rate is: 10.265%
epoch is 4 done. 4552 ms. Error rate is: 9.88%
epoch is 5 done. 4449 ms. Error rate is: 9.786667%
epoch is 6 done. 4405 ms. Error rate is: 9.601666%
test is done. 719 ms. Error rate is: 9.36%
Starting test with i 3(300)
epoch is 0 done. 6738 ms. Error rate is: 12.44%
epoch is 1 done. 6678 ms. Error rate is: 9.646667%
epoch is 2 done. 6547 ms. Error rate is: 8.931666%
epoch is 3 done. 6718 ms. Error rate is: 8.458333%
epoch is 4 done. 6754 ms. Error rate is: 8.098333%
epoch is 5 done. 6831 ms. Error rate is: 7.7716665%
epoch is 6 done. 6835 ms. Error rate is: 7.463333%
test is done. 1136 ms. Error rate is: 7.9300003%
Starting test with i 4(400)
epoch is 0 done. 9064 ms. Error rate is: 12.125%
epoch is 1 done. 8998 ms. Error rate is: 8.651667%
epoch is 2 done. 8915 ms. Error rate is: 7.8199997%
epoch is 3 done. 8876 ms. Error rate is: 7.135%
epoch is 4 done. 8842 ms. Error rate is: 6.786667%
epoch is 5 done. 8838 ms. Error rate is: 6.5%
epoch is 6 done. 8900 ms. Error rate is: 6.17%
test is done. 1431 ms. Error rate is: 7.1800003%
Starting test with i 5(500)
epoch is 0 done. 11056 ms. Error rate is: 11.445%
epoch is 1 done. 11099 ms. Error rate is: 7.886667%
epoch is 2 done. 11171 ms. Error rate is: 6.903333%
epoch is 3 done. 11271 ms. Error rate is: 6.235%
epoch is 4 done. 11135 ms. Error rate is: 5.925%
epoch is 5 done. 11202 ms. Error rate is: 5.53%
epoch is 6 done. 11108 ms. Error rate is: 5.37%
test is done. 1833 ms. Error rate is: 5.72%
Starting test with i 6(600)
epoch is 0 done. 13324 ms. Error rate is: 11.3133335%
epoch is 1 done. 13414 ms. Error rate is: 7.4166665%
epoch is 2 done. 13479 ms. Error rate is: 6.2466664%
epoch is 3 done. 13366 ms. Error rate is: 5.786667%
epoch is 4 done. 13341 ms. Error rate is: 5.3416667%
epoch is 5 done. 13545 ms. Error rate is: 4.9783335%
epoch is 6 done. 13396 ms. Error rate is: 4.775%
test is done. 2171 ms. Error rate is: 5.84%
Starting test with i 7(700)
epoch is 0 done. 15670 ms. Error rate is: 11.448334%
epoch is 1 done. 15640 ms. Error rate is: 7.326667%
epoch is 2 done. 15533 ms. Error rate is: 6.2700005%
epoch is 3 done. 15791 ms. Error rate is: 5.4783335%
epoch is 4 done. 15924 ms. Error rate is: 5.0383334%
epoch is 5 done. 16700 ms. Error rate is: 4.6983337%
epoch is 6 done. 16699 ms. Error rate is: 4.3383336%
test is done. 2766 ms. Error rate is: 5.42%
Starting test with i 8(800)
epoch is 0 done. 19190 ms. Error rate is: 10.891667%
epoch is 1 done. 19128 ms. Error rate is: 6.8733335%
epoch is 2 done. 19162 ms. Error rate is: 5.645%
epoch is 3 done. 19154 ms. Error rate is: 4.9216666%
epoch is 4 done. 19117 ms. Error rate is: 4.4100003%
epoch is 5 done. 19041 ms. Error rate is: 3.9566665%
epoch is 6 done. 18971 ms. Error rate is: 3.8066666%
test is done. 3170 ms. Error rate is: 4.69%
Starting test with i 9(900)
epoch is 0 done. 21880 ms. Error rate is: 11.035%
epoch is 1 done. 21662 ms. Error rate is: 6.4333334%
epoch is 2 done. 21758 ms. Error rate is: 5.3233333%
epoch is 3 done. 21816 ms. Error rate is: 4.5516667%
epoch is 4 done. 21810 ms. Error rate is: 4.02%
epoch is 5 done. 21647 ms. Error rate is: 3.6683333%
epoch is 6 done. 21747 ms. Error rate is: 3.4283333%
test is done. 3593 ms. Error rate is: 4.38%
Starting test with i 1(1000)
epoch is 0 done. 12776 ms. Error rate is: 11.0%
epoch is 1 done. 12393 ms. Error rate is: 6.453333%
epoch is 2 done. 12664 ms. Error rate is: 5.3149996%
epoch is 3 done. 12988 ms. Error rate is: 4.435%
epoch is 4 done. 12529 ms. Error rate is: 3.995%
epoch is 5 done. 13159 ms. Error rate is: 3.5916667%
epoch is 6 done. 12510 ms. Error rate is: 3.2900002%
test is done. 2101 ms. Error rate is: 4.28%
Starting test with i 2(2000)
epoch is 0 done. 22194 ms. Error rate is: 10.35%
epoch is 1 done. 21933 ms. Error rate is: 5.556667%
epoch is 2 done. 22421 ms. Error rate is: 4.161667%
epoch is 3 done. 22066 ms. Error rate is: 3.2466664%
epoch is 4 done. 21644 ms. Error rate is: 2.7033334%
epoch is 5 done. 21616 ms. Error rate is: 2.2849998%
epoch is 6 done. 21991 ms. Error rate is: 1.9466666%
test is done. 3384 ms. Error rate is: 3.5%
Starting test with i 3(3000)
epoch is 0 done. 29728 ms. Error rate is: 10.320001%
epoch is 1 done. 29847 ms. Error rate is: 5.3883333%
epoch is 2 done. 30090 ms. Error rate is: 3.8316667%
epoch is 3 done. 30557 ms. Error rate is: 2.9666667%
epoch is 4 done. 30131 ms. Error rate is: 2.4433334%
epoch is 5 done. 30597 ms. Error rate is: 1.9316666%
epoch is 6 done. 30559 ms. Error rate is: 1.6133332%
test is done. 4704 ms. Error rate is: 2.93%
Starting test with i 4(4000)
epoch is 0 done. 38494 ms. Error rate is: 10.511666%
epoch is 1 done. 38013 ms. Error rate is: 5.2966666%
epoch is 2 done. 38044 ms. Error rate is: 3.7749999%
epoch is 3 done. 38484 ms. Error rate is: 2.91%
epoch is 4 done. 42175 ms. Error rate is: 2.315%
epoch is 5 done. 38957 ms. Error rate is: 1.7483333%
epoch is 6 done. 43528 ms. Error rate is: 1.47%
test is done. 6145 ms. Error rate is: 2.8899999%
Starting test with i 5(5000)
epoch is 0 done. 49626 ms. Error rate is: 10.533334%
epoch is 1 done. 44615 ms. Error rate is: 5.33%
epoch is 2 done. 45462 ms. Error rate is: 3.6316667%
epoch is 3 done. 47135 ms. Error rate is: 2.8933334%
epoch is 4 done. 46178 ms. Error rate is: 2.1816666%
epoch is 5 done. 47847 ms. Error rate is: 1.6616666%
epoch is 6 done. 47751 ms. Error rate is: 1.38%
test is done. 6787 ms. Error rate is: 3.02%
Starting test with i 6(6000)
epoch is 0 done. 51602 ms. Error rate is: 10.551666%
epoch is 1 done. 55841 ms. Error rate is: 5.2633333%
epoch is 2 done. 56519 ms. Error rate is: 3.695%
epoch is 3 done. 56968 ms. Error rate is: 2.6883335%
epoch is 4 done. 57361 ms. Error rate is: 2.0866666%
epoch is 5 done. 57779 ms. Error rate is: 1.6383333%
epoch is 6 done. 58082 ms. Error rate is: 1.275%
test is done. 8597 ms. Error rate is: 2.5800002%
Starting test with i 7(7000)
epoch is 0 done. 64046 ms. Error rate is: 10.856667%
epoch is 1 done. 63815 ms. Error rate is: 5.2966666%
epoch is 2 done. 64408 ms. Error rate is: 3.655%
epoch is 3 done. 64799 ms. Error rate is: 2.7083333%
epoch is 4 done. 65107 ms. Error rate is: 2.045%
epoch is 5 done. 65614 ms. Error rate is: 1.5699999%
epoch is 6 done. 65860 ms. Error rate is: 1.2716666%
test is done. 10000 ms. Error rate is: 2.57%
Starting test with i 8(8000)
epoch is 0 done. 71386 ms. Error rate is: 10.878333%
epoch is 1 done. 71304 ms. Error rate is: 5.4049997%
epoch is 2 done. 71983 ms. Error rate is: 3.7366667%
epoch is 3 done. 71559 ms. Error rate is: 2.7366667%
epoch is 4 done. 72331 ms. Error rate is: 2.0366666%
epoch is 5 done. 72814 ms. Error rate is: 1.54%
epoch is 6 done. 73075 ms. Error rate is: 1.275%
test is done. 11279 ms. Error rate is: 2.54%
Starting test with i 9(9000)
epoch is 0 done. 78317 ms. Error rate is: 11.083333%
epoch is 1 done. 78491 ms. Error rate is: 5.475%
epoch is 2 done. 78641 ms. Error rate is: 3.765%
epoch is 3 done. 78961 ms. Error rate is: 2.725%
epoch is 4 done. 79340 ms. Error rate is: 2.0416665%
epoch is 5 done. 79349 ms. Error rate is: 1.5816666%
epoch is 6 done. 79829 ms. Error rate is: 1.2283334%
test is done. 12523 ms. Error rate is: 2.55%
Starting test with i 10(10000)
epoch is 0 done. 85873 ms. Error rate is: 11.265%
epoch is 1 done. 86177 ms. Error rate is: 5.51%
epoch is 2 done. 85702 ms. Error rate is: 3.7933335%
epoch is 3 done. 86292 ms. Error rate is: 2.6666667%
epoch is 4 done. 86593 ms. Error rate is: 2.0916667%
epoch is 5 done. 87321 ms. Error rate is: 1.5816666%
epoch is 6 done. 87429 ms. Error rate is: 1.2283334%
test is done. 13535 ms. Error rate is: 2.51%
Starting test with i 11(11000)
epoch is 0 done. 93993 ms. Error rate is: 11.278334%
epoch is 1 done. 94346 ms. Error rate is: 5.6000004%
epoch is 2 done. 97196 ms. Error rate is: 3.76%
epoch is 3 done. 100303 ms. Error rate is: 2.6833334%
epoch is 4 done. 100415 ms. Error rate is: 2.0883334%
epoch is 5 done. 100934 ms. Error rate is: 1.575%
epoch is 6 done. 101030 ms. Error rate is: 1.235%
test is done. 15917 ms. Error rate is: 2.52%
Starting test with i 12(12000)
epoch is 0 done. 108121 ms. Error rate is: 11.446667%
epoch is 1 done. 107358 ms. Error rate is: 5.7349997%
epoch is 2 done. 108058 ms. Error rate is: 3.8333335%
epoch is 3 done. 107926 ms. Error rate is: 2.7733333%
epoch is 4 done. 108125 ms. Error rate is: 2.175%
epoch is 5 done. 108778 ms. Error rate is: 1.5466666%
epoch is 6 done. 108392 ms. Error rate is: 1.2383333%
test is done. 17159 ms. Error rate is: 2.4%
Starting test with i 13(13000)
epoch is 0 done. 116149 ms. Error rate is: 11.8116665%
epoch is 1 done. 116653 ms. Error rate is: 5.68%
epoch is 2 done. 116510 ms. Error rate is: 3.94%
epoch is 3 done. 116090 ms. Error rate is: 2.825%
epoch is 4 done. 116054 ms. Error rate is: 2.1116667%
epoch is 5 done. 115803 ms. Error rate is: 1.565%
epoch is 6 done. 116019 ms. Error rate is: 1.2266667%
test is done. 18802 ms. Error rate is: 2.6499999%
Starting test with i 14(14000)
epoch is 0 done. 122375 ms. Error rate is: 11.733333%
epoch is 1 done. 122581 ms. Error rate is: 5.7833333%
epoch is 2 done. 122942 ms. Error rate is: 3.8966668%
epoch is 3 done. 122683 ms. Error rate is: 2.895%
epoch is 4 done. 122593 ms. Error rate is: 2.0783334%
epoch is 5 done. 122515 ms. Error rate is: 1.5933332%
epoch is 6 done. 123176 ms. Error rate is: 1.2083333%
test is done. 19755 ms. Error rate is: 2.57%
Starting test with i 15(15000)
epoch is 0 done. 131249 ms. Error rate is: 11.993334%
epoch is 1 done. 131989 ms. Error rate is: 5.8033333%
epoch is 2 done. 132157 ms. Error rate is: 3.9466667%
epoch is 3 done. 132217 ms. Error rate is: 2.9950001%
epoch is 4 done. 132095 ms. Error rate is: 2.1133332%
epoch is 5 done. 132497 ms. Error rate is: 1.6383333%
epoch is 6 done. 132078 ms. Error rate is: 1.28%
test is done. 21348 ms. Error rate is: 2.77%
Starting test with i 16(16000)
epoch is 0 done. 139453 ms. Error rate is: 11.993334%
epoch is 1 done. 139739 ms. Error rate is: 6.0016665%
epoch is 2 done. 139238 ms. Error rate is: 3.9683335%
epoch is 3 done. 138861 ms. Error rate is: 2.8983333%
epoch is 4 done. 139463 ms. Error rate is: 2.2183332%
epoch is 5 done. 138954 ms. Error rate is: 1.6566666%
epoch is 6 done. 138858 ms. Error rate is: 1.2733334%
test is done. 22395 ms. Error rate is: 3.24%
Starting test with i 17(17000)
epoch is 0 done. 147750 ms. Error rate is: 12.128333%
epoch is 1 done. 147501 ms. Error rate is: 6.0216665%
epoch is 2 done. 149028 ms. Error rate is: 4.0466666%
epoch is 3 done. 157398 ms. Error rate is: 2.8516667%
epoch is 4 done. 157675 ms. Error rate is: 2.2483335%
epoch is 5 done. 158006 ms. Error rate is: 1.7033333%
epoch is 6 done. 158263 ms. Error rate is: 1.3166667%
test is done. 25344 ms. Error rate is: 2.51%
Starting test with i 18(18000)
epoch is 0 done. 165057 ms. Error rate is: 12.24%
epoch is 1 done. 165169 ms. Error rate is: 6.0416665%
epoch is 2 done. 164668 ms. Error rate is: 4.0916667%
epoch is 3 done. 165054 ms. Error rate is: 2.9666667%
epoch is 4 done. 165169 ms. Error rate is: 2.1916666%
epoch is 5 done. 165489 ms. Error rate is: 1.6416667%
epoch is 6 done. 165237 ms. Error rate is: 1.2316667%
test is done. 26520 ms. Error rate is: 2.6100001%
Starting test with i 19(19000)
epoch is 0 done. 172709 ms. Error rate is: 12.475%
epoch is 1 done. 173161 ms. Error rate is: 6.12%
epoch is 2 done. 173860 ms. Error rate is: 4.1683335%
epoch is 3 done. 173622 ms. Error rate is: 3.0116665%
epoch is 4 done. 173287 ms. Error rate is: 2.2366667%
epoch is 5 done. 173243 ms. Error rate is: 1.6883334%
epoch is 6 done. 173526 ms. Error rate is: 1.24%
test is done. 27918 ms. Error rate is: 3.05%
Starting test with i 20(20000)
epoch is 0 done. 181106 ms. Error rate is: 12.656667%
epoch is 1 done. 181109 ms. Error rate is: 6.25%
epoch is 2 done. 181426 ms. Error rate is: 4.2283335%
epoch is 3 done. 180996 ms. Error rate is: 3.0116665%
epoch is 4 done. 181376 ms. Error rate is: 2.2150002%
epoch is 5 done. 181528 ms. Error rate is: 1.6933333%
epoch is 6 done. 181665 ms. Error rate is: 1.3133333%
test is done. 28855 ms. Error rate is: 2.6200001%
Starting test with i 21(21000)
epoch is 0 done. 189659 ms. Error rate is: 12.658334%
epoch is 1 done. 188273 ms. Error rate is: 6.2083335%
epoch is 2 done. 188244 ms. Error rate is: 4.2816663%
epoch is 3 done. 188269 ms. Error rate is: 3.0166667%
epoch is 4 done. 188743 ms. Error rate is: 2.3183334%
epoch is 5 done. 187835 ms. Error rate is: 1.6866667%
epoch is 6 done. 188661 ms. Error rate is: 1.2816666%
test is done. 29775 ms. Error rate is: 2.75%
Starting test with i 22(22000)
epoch is 0 done. 195873 ms. Error rate is: 12.835%
epoch is 1 done. 195844 ms. Error rate is: 6.425%
epoch is 2 done. 195494 ms. Error rate is: 4.3033333%
epoch is 3 done. 195032 ms. Error rate is: 3.1633332%
epoch is 4 done. 195516 ms. Error rate is: 2.1466668%
epoch is 5 done. 194789 ms. Error rate is: 1.7%
epoch is 6 done. 196735 ms. Error rate is: 1.3249999%
test is done. 31402 ms. Error rate is: 2.74%
Starting test with i 23(23000)
epoch is 0 done. 202871 ms. Error rate is: 12.896666%
epoch is 1 done. 203365 ms. Error rate is: 6.475%
epoch is 2 done. 204324 ms. Error rate is: 4.3066664%
epoch is 3 done. 204015 ms. Error rate is: 3.1316667%
epoch is 4 done. 204194 ms. Error rate is: 2.2749999%
epoch is 5 done. 204155 ms. Error rate is: 1.705%
epoch is 6 done. 203839 ms. Error rate is: 1.3416667%
test is done. 33042 ms. Error rate is: 2.63%
Starting test with i 24(24000)
epoch is 0 done. 211940 ms. Error rate is: 13.006666%
epoch is 1 done. 211485 ms. Error rate is: 6.525%
epoch is 2 done. 211731 ms. Error rate is: 4.2483335%
epoch is 3 done. 211539 ms. Error rate is: 3.1750002%
epoch is 4 done. 212231 ms. Error rate is: 2.3233333%
epoch is 5 done. 222347 ms. Error rate is: 1.6783333%
epoch is 6 done. 224236 ms. Error rate is: 1.3533334%
test is done. 35486 ms. Error rate is: 2.7%
Starting test with i 25(25000)
epoch is 0 done. 231813 ms. Error rate is: 13.185%
epoch is 1 done. 231973 ms. Error rate is: 6.445%
epoch is 2 done. 231368 ms. Error rate is: 4.491667%
epoch is 3 done. 234316 ms. Error rate is: 3.2033331%
epoch is 4 done. 232648 ms. Error rate is: 2.325%
epoch is 5 done. 232173 ms. Error rate is: 1.74%
epoch is 6 done. 232954 ms. Error rate is: 1.3166667%
test is done. 36500 ms. Error rate is: 2.69%
Starting test with i 26(26000)
epoch is 0 done. 240453 ms. Error rate is: 13.196667%
epoch is 1 done. 240200 ms. Error rate is: 6.555%
epoch is 2 done. 242360 ms. Error rate is: 4.476667%
epoch is 3 done. 240439 ms. Error rate is: 3.1933334%
epoch is 4 done. 240749 ms. Error rate is: 2.2883334%
epoch is 5 done. 240182 ms. Error rate is: 1.7633333%
epoch is 6 done. 240241 ms. Error rate is: 1.3616667%
test is done. 38295 ms. Error rate is: 2.6399999%
Starting test with i 27(27000)
epoch is 0 done. 248563 ms. Error rate is: 13.071667%
epoch is 1 done. 250728 ms. Error rate is: 6.5750003%
epoch is 2 done. 248436 ms. Error rate is: 4.363333%
epoch is 3 done. 248277 ms. Error rate is: 3.2333333%
epoch is 4 done. 248809 ms. Error rate is: 2.24%
epoch is 5 done. 247800 ms. Error rate is: 1.7366667%
epoch is 6 done. 248244 ms. Error rate is: 1.35%
test is done. 39397 ms. Error rate is: 2.74%
Starting test with i 28(28000)
epoch is 0 done. 258924 ms. Error rate is: 13.238333%
epoch is 1 done. 254663 ms. Error rate is: 6.64%
epoch is 2 done. 255671 ms. Error rate is: 4.616667%
epoch is 3 done. 255592 ms. Error rate is: 3.2566667%
epoch is 4 done. 254903 ms. Error rate is: 2.41%
epoch is 5 done. 256120 ms. Error rate is: 1.7333332%
epoch is 6 done. 259121 ms. Error rate is: 1.3216667%
test is done. 40358 ms. Error rate is: 3.07%
Starting test with i 29(29000)
epoch is 0 done. 263384 ms. Error rate is: 13.2%
epoch is 1 done. 264291 ms. Error rate is: 6.706667%
epoch is 2 done. 263309 ms. Error rate is: 4.5733333%
epoch is 3 done. 263811 ms. Error rate is: 3.1550002%
epoch is 4 done. 261805 ms. Error rate is: 2.3416667%
epoch is 5 done. 265099 ms. Error rate is: 1.7916666%
epoch is 6 done. 263569 ms. Error rate is: 1.36%
test is done. 42011 ms. Error rate is: 3.1%
Starting test with A-size 16000
epoch is 0 done.110117 ms. Speed was: 0.6. Error rate is: 12.101666%. Test error rate is: 8.02%
epoch is 1 done.113277 ms. Speed was: 0.48000002. Error rate is: 5.958333%. Test error rate is: 8.26%
epoch is 2 done.112788 ms. Speed was: 1.3576669. Error rate is: 10.998333%. Test error rate is: 7.31%
epoch is 3 done.119315 ms. Speed was: 1.0861335. Error rate is: 6.2533336%. Test error rate is: 5.7%
epoch is 4 done.121459 ms. Speed was: 0.8689068. Error rate is: 4.4500003%. Test error rate is: 4.75%
epoch is 5 done.118629 ms. Speed was: 0.69512546. Error rate is: 3.1883333%. Test error rate is: 4.23%
epoch is 6 done.122432 ms. Speed was: 0.55610037. Error rate is: 2.3916667%. Test error rate is: 3.6100001%
epoch is 7 done.120621 ms. Speed was: 0.4448803. Error rate is: 1.77%. Test error rate is: 3.15%
epoch is 8 done.129775 ms. Speed was: 0.35590425. Error rate is: 1.3833333%. Test error rate is: 3.07%
epoch is 9 done.128422 ms. Speed was: 0.2847234. Error rate is: 1.0333333%. Test error rate is: 3.0%
epoch is 10 done.124989 ms. Speed was: 0.22777872. Error rate is: 0.89666665%. Test error rate is: 3.48%
epoch is 11 done.125867 ms. Speed was: 0.51618034. Error rate is: 1.5716666%. Test error rate is: 3.92%
test is done. 16321 ms. Error rate is: 0%
Starting test with A-size 32000
epoch is 0 done.220688 ms. Speed was: 0.6. Error rate is: 13.533333%. Test error rate is: 7.9700003%
epoch is 1 done.220390 ms. Speed was: 0.48000002. Error rate is: 6.8966665%. Test error rate is: 6.05%
epoch is 2 done.222026 ms. Speed was: 0.38400003. Error rate is: 4.6983337%. Test error rate is: 4.8500004%
epoch is 3 done.223835 ms. Speed was: 0.30720004. Error rate is: 3.3216667%. Test error rate is: 5.91%
epoch is 4 done.224545 ms. Speed was: 0.62628543. Error rate is: 6.3983335%. Test error rate is: 6.84%
epoch is 5 done.224209 ms. Speed was: 0.5063223. Error rate is: 4.3966665%. Test error rate is: 4.42%
epoch is 6 done.227571 ms. Speed was: 0.40505788. Error rate is: 3.0016665%. Test error rate is: 4.61%
epoch is 7 done.227032 ms. Speed was: 0.61624235. Error rate is: 4.6716666%. Test error rate is: 4.52%
epoch is 8 done.229703 ms. Speed was: 0.4929939. Error rate is: 3.3166666%. Test error rate is: 4.08%
epoch is 9 done.229921 ms. Speed was: 0.3943951. Error rate is: 2.2983334%. Test error rate is: 3.5300002%
epoch is 10 done.231130 ms. Speed was: 0.31551608. Error rate is: 1.4916667%. Test error rate is: 3.96%
epoch is 11 done.234450 ms. Speed was: 0.21142529. Error rate is: 1.1716666%. Test error rate is: 3.04%
test is done. 31745 ms. Error rate is: 0%
Starting test with A-size 64000
epoch is 0 done.428738 ms. Speed was: 0.6. Error rate is: 14.468333%. Test error rate is: 9.43%
epoch is 1 done.433048 ms. Speed was: 0.48000002. Error rate is: 7.5033336%. Test error rate is: 9.59%
epoch is 2 done.432172 ms. Speed was: 0.22579171. Error rate is: 5.1616664%. Test error rate is: 5.33%
epoch is 3 done.433914 ms. Speed was: 0.18063337. Error rate is: 3.861667%. Test error rate is: 5.11%
epoch is 4 done.432539 ms. Speed was: 0.1445067. Error rate is: 3.0433333%. Test error rate is: 3.72%
epoch is 5 done.435624 ms. Speed was: 0.115605354. Error rate is: 2.3666668%. Test error rate is: 4.17%
epoch is 6 done.433493 ms. Speed was: 0.15293649. Error rate is: 2.6699998%. Test error rate is: 5.11%
epoch is 7 done.439551 ms. Speed was: 0.15556584. Error rate is: 2.485%. Test error rate is: 3.6499999%
epoch is 8 done.440835 ms. Speed was: 0.12445267. Error rate is: 1.9649999%. Test error rate is: 3.4899998%
epoch is 9 done.443586 ms. Speed was: 0.09956214. Error rate is: 1.6066667%. Test error rate is: 3.4%
epoch is 10 done.441632 ms. Speed was: 0.07964971. Error rate is: 1.2900001%. Test error rate is: 3.6100001%
epoch is 11 done.446940 ms. Speed was: 0.17586423. Error rate is: 2.125%. Test error rate is: 4.07%
test is done. 60559 ms. Error rate is: 0%
Starting test with A-size 128000
epoch is 0 done.782002 ms. Speed was: 0.6. Error rate is: 15.185%. Test error rate is: 10.2%
epoch is 1 done.785430 ms. Speed was: 0.48000002. Error rate is: 7.9700003%. Test error rate is: 10.450001%
epoch is 2 done.789411 ms. Speed was: 0.741745. Error rate is: 10.208333%. Test error rate is: 9.849999%
epoch is 3 done.790873 ms. Speed was: 0.593396. Error rate is: 6.465%. Test error rate is: 8.08%
epoch is 4 done.796023 ms. Speed was: 0.4747168. Error rate is: 4.7066665%. Test error rate is: 5.06%
epoch is 5 done.797556 ms. Speed was: 0.37977347. Error rate is: 3.5916667%. Test error rate is: 5.25%
epoch is 6 done.800064 ms. Speed was: 0.18574989. Error rate is: 2.5366666%. Test error rate is: 3.52%
epoch is 7 done.799897 ms. Speed was: 0.14859991. Error rate is: 1.9716667%. Test error rate is: 4.5%
epoch is 8 done.800967 ms. Speed was: 0.2157721. Error rate is: 2.3383331%. Test error rate is: 4.4%
epoch is 9 done.808126 ms. Speed was: 0.17261769. Error rate is: 1.9666666%. Test error rate is: 3.26%
epoch is 10 done.806121 ms. Speed was: 0.13809416. Error rate is: 1.5566666%. Test error rate is: 4.04%
epoch is 11 done.811352 ms. Speed was: 0.3544015. Error rate is: 2.85%. Test error rate is: 3.9700003%
test is done. 110259 ms. Error rate is: 0%
Starting test with A-size 256000
epoch is 0 done.1465533 ms. Speed was: 0.6. Error rate is: 15.461667%. Test error rate is: 8.22%
epoch is 1 done.1469017 ms. Speed was: 0.48000002. Error rate is: 8.323334%. Test error rate is: 6.3500004%
epoch is 2 done.1468620 ms. Speed was: 0.38400003. Error rate is: 5.8966665%. Test error rate is: 5.63%
epoch is 3 done.1472173 ms. Speed was: 0.30720004. Error rate is: 4.2983336%. Test error rate is: 5.52%
epoch is 4 done.1470029 ms. Speed was: 0.24576004. Error rate is: 3.2833333%. Test error rate is: 4.42%
epoch is 5 done.1491134 ms. Speed was: 0.19660804. Error rate is: 2.6116667%. Test error rate is: 4.3900003%
epoch is 6 done.1263510 ms. Speed was: 0.15728644. Error rate is: 2.06%. Test error rate is: 3.44%
